This is pdfTeX, Version 3.14159265-2.6-1.40.18 (MiKTeX 2.9.6350 64-bit) (preloaded format=pdflatex 2017.10.31)  1 DEC 2017 10:17
entering extended mode
**./scientificPaper.tex
(scientificPaper.tex
LaTeX2e <2017-04-15>
Babel <3.10> and hyphenation patterns for 75 language(s) loaded.
(asme2ej.cls

LaTeX Warning: You have requested document class `asme2ej',
               but the document class provides `asme2e'.

Document Class: asme2e 2001/2/14 v2.0 Standard LaTeX document class
("E:\Program Files\MiKTeX\tex\latex\base\ifthen.sty"
Package: ifthen 2014/09/29 v1.1c Standard LaTeX ifthen package (DPC)
)
("E:\Program Files\MiKTeX\tex\latex\psnfss\times.sty"
Package: times 2005/04/12 PSNFSS-v9.2a (SPQR) 
)
("E:\Program Files\MiKTeX\tex\latex\psnfss\mathptm.sty"
Package: mathptm 2005/04/12 PSNFSS-v9.2a Times w/ Math (SPQR, WaS) 


Package mathptm Warning: This package is to be regarded as obsolete.
(mathptm)                See the PSNFSS documentation.

LaTeX Font Info:    Redeclaring symbol font `operators' on input line 31.
LaTeX Font Info:    Overwriting symbol font `operators' in version `normal'
(Font)                  OT1/cmr/m/n --> OT1/ptmcm/m/n on input line 31.
LaTeX Font Info:    Overwriting symbol font `operators' in version `bold'
(Font)                  OT1/cmr/bx/n --> OT1/ptmcm/m/n on input line 31.
LaTeX Font Info:    Redeclaring symbol font `letters' on input line 32.
LaTeX Font Info:    Overwriting symbol font `letters' in version `normal'
(Font)                  OML/cmm/m/it --> OML/ptmcm/m/it on input line 32.
LaTeX Font Info:    Overwriting symbol font `letters' in version `bold'
(Font)                  OML/cmm/b/it --> OML/ptmcm/m/it on input line 32.
LaTeX Font Info:    Redeclaring symbol font `symbols' on input line 33.
LaTeX Font Info:    Overwriting symbol font `symbols' in version `normal'
(Font)                  OMS/cmsy/m/n --> OMS/pzccm/m/n on input line 33.
LaTeX Font Info:    Overwriting symbol font `symbols' in version `bold'
(Font)                  OMS/cmsy/b/n --> OMS/pzccm/m/n on input line 33.
LaTeX Font Info:    Redeclaring symbol font `largesymbols' on input line 34.
LaTeX Font Info:    Overwriting symbol font `largesymbols' in version `normal'
(Font)                  OMX/cmex/m/n --> OMX/psycm/m/n on input line 34.
LaTeX Font Info:    Overwriting symbol font `largesymbols' in version `bold'
(Font)                  OMX/cmex/m/n --> OMX/psycm/m/n on input line 34.
\symbold=\mathgroup4
\symitalic=\mathgroup5
LaTeX Font Info:    Redeclaring math alphabet \mathbf on input line 37.
LaTeX Font Info:    Overwriting math alphabet `\mathbf' in version `normal'
(Font)                  OT1/cmr/bx/n --> OT1/ptm/bx/n on input line 37.
LaTeX Font Info:    Overwriting math alphabet `\mathbf' in version `bold'
(Font)                  OT1/cmr/bx/n --> OT1/ptm/bx/n on input line 37.
LaTeX Font Info:    Redeclaring math alphabet \mathit on input line 38.
LaTeX Font Info:    Overwriting math alphabet `\mathit' in version `normal'
(Font)                  OT1/cmr/m/it --> OT1/ptm/m/it on input line 38.
LaTeX Font Info:    Overwriting math alphabet `\mathit' in version `bold'
(Font)                  OT1/cmr/bx/it --> OT1/ptm/m/it on input line 38.
) ("E:\Program Files\MiKTeX\tex\generic\oberdiek\ifpdf.sty"
Package: ifpdf 2017/03/15 v3.2 Provides the ifpdf switch
)
Ten Point
LaTeX Font Info:    Try loading font information for OT1+phv on input line 301.

("E:\Program Files\MiKTeX\tex\latex\psnfss\ot1phv.fd"
File: ot1phv.fd 2001/06/04 scalable font definitions for OT1/phv.
)
\c@part=\count79
\c@section=\count80
\c@subsection=\count81
\c@subsubsection=\count82
\c@paragraph=\count83
\c@subparagraph=\count84
\tempbox=\box26
\c@figure=\count85
\c@table=\count86
\@authcnt=\count87
\@tmpcnt=\count88
\bibindent=\dimen102
\tempbox=\box27
\minute=\count89
\hour=\count90
)
("E:\Program Files\MiKTeX\tex\latex\graphics\epsfig.sty"
Package: epsfig 1999/02/16 v1.7a (e)psfig emulation (SPQR)

("E:\Program Files\MiKTeX\tex\latex\graphics\graphicx.sty"
Package: graphicx 2014/10/28 v1.0g Enhanced LaTeX Graphics (DPC,SPQR)

("E:\Program Files\MiKTeX\tex\latex\graphics\keyval.sty"
Package: keyval 2014/10/28 v1.15 key=value parser (DPC)
\KV@toks@=\toks14
)
("E:\Program Files\MiKTeX\tex\latex\graphics\graphics.sty"
Package: graphics 2017/04/14 v1.1b Standard LaTeX Graphics (DPC,SPQR)

("E:\Program Files\MiKTeX\tex\latex\graphics\trig.sty"
Package: trig 2016/01/03 v1.10 sin cos tan (DPC)
)
("E:\Program Files\MiKTeX\tex\latex\graphics-cfg\graphics.cfg"
File: graphics.cfg 2016/06/04 v1.11 sample graphics configuration
)
Package graphics Info: Driver file: pdftex.def on input line 99.

("E:\Program Files\MiKTeX\tex\latex\graphics-def\pdftex.def"
File: pdftex.def 2017/01/12 v0.06k Graphics/color for pdfTeX

("E:\Program Files\MiKTeX\tex\generic\oberdiek\infwarerr.sty"
Package: infwarerr 2016/05/16 v1.4 Providing info/warning/error messages (HO)
)
("E:\Program Files\MiKTeX\tex\generic\oberdiek\ltxcmds.sty"
Package: ltxcmds 2016/05/16 v1.23 LaTeX kernel commands for general use (HO)
)
\Gread@gobject=\count91
))
\Gin@req@height=\dimen103
\Gin@req@width=\dimen104
)
\epsfxsize=\dimen105
\epsfysize=\dimen106
)
(scientificPaper.aux)
\openout1 = `scientificPaper.aux'.

LaTeX Font Info:    Checking defaults for OML/cmm/m/it on input line 16.
LaTeX Font Info:    ... okay on input line 16.
LaTeX Font Info:    Checking defaults for T1/cmr/m/n on input line 16.
LaTeX Font Info:    ... okay on input line 16.
LaTeX Font Info:    Checking defaults for OT1/cmr/m/n on input line 16.
LaTeX Font Info:    ... okay on input line 16.
LaTeX Font Info:    Checking defaults for OMS/cmsy/m/n on input line 16.
LaTeX Font Info:    ... okay on input line 16.
LaTeX Font Info:    Checking defaults for OMX/cmex/m/n on input line 16.
LaTeX Font Info:    ... okay on input line 16.
LaTeX Font Info:    Checking defaults for U/cmr/m/n on input line 16.
LaTeX Font Info:    ... okay on input line 16.
LaTeX Font Info:    Try loading font information for OT1+ptm on input line 16.
 ("E:\Program Files\MiKTeX\tex\latex\psnfss\ot1ptm.fd"
File: ot1ptm.fd 2001/06/04 font definitions for OT1/ptm.
)
\big@size=\dimen107

(C:\Users\Joe\AppData\Roaming\MiKTeX\2.9\tex\context\base\supp-pdf.mkii
[Loading MPS to PDF converter (version 2006.09.02).]
\scratchcounter=\count92
\scratchdimen=\dimen108
\scratchbox=\box28
\nofMPsegments=\count93
\nofMParguments=\count94
\everyMPshowfont=\toks15
\MPscratchCnt=\count95
\MPscratchDim=\dimen109
\MPnumerator=\count96
\makeMPintoPDFobject=\count97
\everyMPtoPDFconversion=\toks16
) ("E:\Program Files\MiKTeX\tex\generic\oberdiek\pdftexcmds.sty"
Package: pdftexcmds 2017/03/19 v0.25 Utility functions of pdfTeX for LuaTeX (HO
)

("E:\Program Files\MiKTeX\tex\generic\oberdiek\ifluatex.sty"
Package: ifluatex 2016/05/16 v1.4 Provides the ifluatex switch (HO)
Package ifluatex Info: LuaTeX not detected.
)
Package pdftexcmds Info: LuaTeX not detected.
Package pdftexcmds Info: \pdf@primitive is available.
Package pdftexcmds Info: \pdf@ifprimitive is available.
Package pdftexcmds Info: \pdfdraftmode found.
)
("E:\Program Files\MiKTeX\tex\latex\oberdiek\epstopdf-base.sty"
Package: epstopdf-base 2016/05/15 v2.6 Base part for package epstopdf

("E:\Program Files\MiKTeX\tex\latex\oberdiek\grfext.sty"
Package: grfext 2016/05/16 v1.2 Manage graphics extensions (HO)

("E:\Program Files\MiKTeX\tex\generic\oberdiek\kvdefinekeys.sty"
Package: kvdefinekeys 2016/05/16 v1.4 Define keys (HO)
))
("E:\Program Files\MiKTeX\tex\latex\oberdiek\kvoptions.sty"
Package: kvoptions 2016/05/16 v3.12 Key value format for package options (HO)

("E:\Program Files\MiKTeX\tex\generic\oberdiek\kvsetkeys.sty"
Package: kvsetkeys 2016/05/16 v1.17 Key value parser (HO)

("E:\Program Files\MiKTeX\tex\generic\oberdiek\etexcmds.sty"
Package: etexcmds 2016/05/16 v1.6 Avoid name clashes with e-TeX commands (HO)
Package etexcmds Info: Could not find \expanded.
(etexcmds)             That can mean that you are not using pdfTeX 1.50 or
(etexcmds)             that some package has redefined \expanded.
(etexcmds)             In the latter case, load this package earlier.
)))
Package epstopdf-base Info: Redefining graphics rule for `.eps' on input line 4
38.
Package grfext Info: Graphics extension search list:
(grfext)             [.png,.pdf,.jpg,.mps,.jpeg,.jbig2,.jb2,.PNG,.PDF,.JPG,.JPE
G,.JBIG2,.JB2,.eps]
(grfext)             \AppendGraphicsExtensions on input line 456.
)
LaTeX Font Info:    Try loading font information for OT1+ptmcm on input line 18
.

("E:\Program Files\MiKTeX\tex\latex\psnfss\ot1ptmcm.fd"
File: ot1ptmcm.fd 2000/01/03 Fontinst v1.801 font definitions for OT1/ptmcm.
)
LaTeX Font Info:    Try loading font information for OML+ptmcm on input line 18
.

("E:\Program Files\MiKTeX\tex\latex\psnfss\omlptmcm.fd"
File: omlptmcm.fd 2000/01/03 Fontinst v1.801 font definitions for OML/ptmcm.
)
LaTeX Font Info:    Try loading font information for OMS+pzccm on input line 18
.

("E:\Program Files\MiKTeX\tex\latex\psnfss\omspzccm.fd"
File: omspzccm.fd 2000/01/03 Fontinst v1.801 font definitions for OMS/pzccm.
)
LaTeX Font Info:    Try loading font information for OMX+psycm on input line 18
.

("E:\Program Files\MiKTeX\tex\latex\psnfss\omxpsycm.fd"
File: omxpsycm.fd 2000/01/03 Fontinst v1.801 font definitions for OMX/psycm.
)
LaTeX Font Info:    Font shape `OT1/ptm/bx/n' in size <10> not available
(Font)              Font shape `OT1/ptm/b/n' tried instead on input line 18.
LaTeX Font Info:    Font shape `OT1/ptm/bx/n' in size <7.4> not available
(Font)              Font shape `OT1/ptm/b/n' tried instead on input line 18.
LaTeX Font Info:    Font shape `OT1/ptm/bx/n' in size <6> not available
(Font)              Font shape `OT1/ptm/b/n' tried instead on input line 18.

Underfull \hbox (badness 10000) detected at line 18
[]
 []


Overfull \hbox (39.74762pt too wide) in paragraph at lines 18--18
 [] 
 []

[1{C:/ProgramData/MiKTeX/2.9/pdftex/config/pdftex.map}


]
<figures/three-way-handshake.png, id=10, 344.03531pt x 193.47281pt>
File: figures/three-way-handshake.png Graphic file (type png)

<use figures/three-way-handshake.png>
Package pdftex.def Info: figures/three-way-handshake.png used on input line 61.

(pdftex.def)             Requested size: 130.02608pt x 73.12483pt.

<figures/udp-amplification.png, id=11, 629.35126pt x 189.70876pt>
File: figures/udp-amplification.png Graphic file (type png)

<use figures/udp-amplification.png>
Package pdftex.def Info: figures/udp-amplification.png used on input line 93.
(pdftex.def)             Requested size: 237.85954pt x 71.70218pt.
 [2 <./figures/three-way-handshake.png> <./figures/udp-amplification.png>]
<figures/smurf.png, id=17, 577.40718pt x 242.40562pt>
File: figures/smurf.png Graphic file (type png)
 <use figures/smurf.png>
Package pdftex.def Info: figures/smurf.png used on input line 107.
(pdftex.def)             Requested size: 218.2364pt x 91.61945pt.

<figures/eliminating2.png, id=18, 435.87843pt x 663.98062pt>
File: figures/eliminating2.png Graphic file (type png)

<use figures/eliminating2.png>
Package pdftex.def Info: figures/eliminating2.png used on input line 128.
(pdftex.def)             Requested size: 164.73764pt x 250.9475pt.
LaTeX Font Info:    Try loading font information for OT1+pcr on input line 134.


("E:\Program Files\MiKTeX\tex\latex\psnfss\ot1pcr.fd"
File: ot1pcr.fd 2001/06/04 font definitions for OT1/pcr.
) [3 <./figures/smurf.png> <./figures/eliminating2.png>]
Underfull \hbox (badness 1888) in paragraph at lines 167--168
[]\OT1/ptm/m/n/10 Although a low-cost, pas-sive ap-proach to the IP-
 []

[4] <figures/workqueue.png, id=28, 1008.76875pt x 485.56406pt>
File: figures/workqueue.png Graphic file (type png)

<use figures/workqueue.png>
Package pdftex.def Info: figures/workqueue.png used on input line 214.
(pdftex.def)             Requested size: 209.69273pt x 101.00085pt.
 [5 <./figures/workqueue.png>]
Underfull \vbox (badness 10000) has occurred while \output is active []


<figures/linked_list.png, id=33, 602.25pt x 78.2925pt>
File: figures/linked_list.png Graphic file (type png)

<use figures/linked_list.png>
Package pdftex.def Info: figures/linked_list.png used on input line 252.
(pdftex.def)             Requested size: 227.62596pt x 29.59016pt.
 [6 <./figures/linked_list.png>]
<figures/bst.png, id=38, 517.935pt x 309.40594pt>
File: figures/bst.png Graphic file (type png)
 <use figures/bst.png>
Package pdftex.def Info: figures/bst.png used on input line 266.
(pdftex.def)             Requested size: 190.06813pt x 116.94284pt.

[7 <./figures/bst.png>] <figures/trees.png, id=46, 512.66531pt x 372.64218pt>
File: figures/trees.png Graphic file (type png)

<use figures/trees.png>
Package pdftex.def Info: figures/trees.png used on input line 308.
(pdftex.def)             Requested size: 193.75877pt x 140.83788pt.
Missing character: There is no Ã in font ptmr7t!
Missing character: There is no ¯ in font ptmr7t!
 [8 <./figures/trees.png>] (scientificPaper.bbl
Underfull \hbox (badness 10000) in paragraph at lines 52--56
[]\OT1/ptm/m/n/10 JC Mogul, 1984.  \OT1/ptm/m/it/10 RFC 919: Broad-cast-
 []


Underfull \hbox (badness 10000) in paragraph at lines 52--56
\OT1/ptm/m/it/10 ing In-ter-net Data-grams\OT1/ptm/m/n/10 .  The IETF Trust.
 []


Underfull \hbox (badness 1062) in paragraph at lines 63--66
[]\OT1/ptm/m/n/10 Baker, F.  \OT1/ptm/m/it/10 IPv4/IPv6 Source Ad-dress Ver-i-f
i-ca-tion\OT1/ptm/m/n/10 .
 []


Underfull \hbox (badness 10000) in paragraph at lines 63--66
\OT1/ptm/m/n/10 https://tools.ietf.org/html/draft-baker-sava-operational-
 []


Underfull \hbox (badness 3260) in paragraph at lines 68--73
[]\OT1/ptm/m/n/10 P. Fer-gu-son, 2000.  \OT1/ptm/m/it/10 Net-work Ingress Fil-t
er-ing:
 []


Underfull \hbox (badness 2837) in paragraph at lines 68--73
\OT1/ptm/m/it/10 IP Source Ad-dress Spoof-ing\OT1/ptm/m/n/10 .  The IETF Trust.

 []


Underfull \hbox (badness 3240) in paragraph at lines 75--79
[]\OT1/ptm/m/n/10 Baker, F.  \OT1/ptm/m/it/10 Cisco IP Ver-sion 4 Source Guard\
OT1/ptm/m/n/10 .
 []


Underfull \hbox (badness 10000) in paragraph at lines 75--79
\OT1/ptm/m/n/10 https://tools.ietf.org/html/draft-baker-sava-cisco-
 []


Underfull \hbox (badness 10000) in paragraph at lines 91--95
[]\OT1/ptm/m/n/10 J. Touch, 2013.  \OT1/ptm/m/it/10 Up-dated Spec-i-fi-ca-tion
 []


Underfull \hbox (badness 10000) in paragraph at lines 91--95
\OT1/ptm/m/it/10 of the IPv4 ID Field\OT1/ptm/m/n/10 .  The IETF Trust.
 []


Underfull \hbox (badness 4595) in paragraph at lines 97--100
[]\OT1/ptm/m/n/10 Russel, R.  \OT1/ptm/m/it/10 ipt-a-bles\OT1/ptm/m/n/10 .  htt
p://www.netfilter.org/
 []


Underfull \hbox (badness 10000) in paragraph at lines 107--110
[]\OT1/ptm/m/n/10 Molnar, I.  \OT1/ptm/m/it/10 workqueue - generic async
 []


Underfull \hbox (badness 10000) in paragraph at lines 107--110
\OT1/ptm/m/it/10 ex-e-cu-tion with shared worker pool\OT1/ptm/m/n/10 .
 []


Overfull \hbox (45.2545pt too wide) in paragraph at lines 107--110
\OT1/ptm/m/n/10 https://github.com/torvalds/linux/blob/master/kernel/workqueue.
c. 
 []


Underfull \hbox (badness 3138) in paragraph at lines 117--120
[]\OT1/ptm/m/n/10 tldp.  \OT1/ptm/m/it/10 Linux Filesys-tem Hi-er-ar-chy - 1.14
 proc\OT1/ptm/m/n/10 .
 []


Underfull \hbox (badness 10000) in paragraph at lines 117--120
\OT1/ptm/m/n/10 http://www.tldp.org/LDP/Linux-Filesystem-
 []


Underfull \vbox (badness 3189) has occurred while \output is active []


Underfull \hbox (badness 10000) in paragraph at lines 127--130
[]\OT1/ptm/m/n/10 Debian.  \OT1/ptm/m/it/10 Pack-age: libjudy-dev (1.0.5-1)\OT1
/ptm/m/n/10 .
 []


Underfull \hbox (badness 10000) in paragraph at lines 144--148
[]\OT1/ptm/m/n/10 Y. Rekhter, 1996.  \OT1/ptm/m/it/10 Ad-dress Al-lo-ca-tion
 []


Underfull \hbox (badness 10000) in paragraph at lines 144--148
\OT1/ptm/m/it/10 for Pri-vate In-ter-nets\OT1/ptm/m/n/10 .  The IETF Trust.
 []

) [9] (scientificPaper.aux) ) 
Here is how much of TeX's memory you used:
 1920 strings out of 493323
 26845 string characters out of 3140795
 92414 words of memory out of 3000000
 5418 multiletter control sequences out of 15000+200000
 28663 words of font info for 57 fonts, out of 3000000 for 9000
 1141 hyphenation exceptions out of 8191
 39i,10n,25p,1037b,257s stack positions out of 5000i,500n,10000p,200000b,50000s
{E:/Program Files/MiKTeX/fonts/enc/dvips/base/8r.e
nc}<E:/Program Files/MiKTeX/fonts/type1/public/amsfonts/cm/cmr10.pfb><E:/Progra
m Files/MiKTeX/fonts/type1/urw/courier/ucrr8a.pfb><E:/Program Files/MiKTeX/font
s/type1/urw/helvetic/uhvb8a.pfb><E:/Program Files/MiKTeX/fonts/type1/urw/helvet
ic/uhvr8a.pfb><E:/Program Files/MiKTeX/fonts/type1/urw/times/utmb8a.pfb><E:/Pro
gram Files/MiKTeX/fonts/type1/urw/times/utmr8a.pfb><E:/Program Files/MiKTeX/fon
ts/type1/urw/times/utmri8a.pfb>
Output written on scientificPaper.pdf (9 pages, 243501 bytes).
PDF statistics:
 78 PDF objects out of 1000 (max. 8388607)
 0 named destinations out of 1000 (max. 500000)
 41 words of extra memory for PDF output out of 10000 (max. 10000000)

